{"/Users/Alex/Documents/Nackademin/testExamination/src/api/index.js": {"path":"/Users/Alex/Documents/Nackademin/testExamination/src/api/index.js","statementMap":{"0":{"start":{"line":7,"column":2},"end":{"line":9,"column":20}},"1":{"start":{"line":20,"column":2},"end":{"line":26,"column":3}},"2":{"start":{"line":33,"column":16},"end":{"line":33,"column":45}},"3":{"start":{"line":34,"column":2},"end":{"line":34,"column":40}},"4":{"start":{"line":42,"column":28},"end":{"line":42,"column":50}},"5":{"start":{"line":43,"column":2},"end":{"line":43,"column":51}},"6":{"start":{"line":47,"column":16},"end":{"line":47,"column":31}},"7":{"start":{"line":48,"column":24},"end":{"line":48,"column":64}},"8":{"start":{"line":48,"column":45},"end":{"line":48,"column":63}},"9":{"start":{"line":49,"column":2},"end":{"line":49,"column":33}},"10":{"start":{"line":56,"column":19},"end":{"line":56,"column":51}},"11":{"start":{"line":57,"column":2},"end":{"line":57,"column":46}},"12":{"start":{"line":66,"column":2},"end":{"line":72,"column":3}},"13":{"start":{"line":76,"column":28},"end":{"line":76,"column":50}},"14":{"start":{"line":77,"column":2},"end":{"line":77,"column":61}},"15":{"start":{"line":81,"column":2},"end":{"line":81,"column":59}},"16":{"start":{"line":81,"column":36},"end":{"line":81,"column":57}},"17":{"start":{"line":85,"column":19},"end":{"line":85,"column":37}},"18":{"start":{"line":86,"column":27},"end":{"line":86,"column":79}},"19":{"start":{"line":86,"column":54},"end":{"line":86,"column":78}},"20":{"start":{"line":87,"column":2},"end":{"line":87,"column":39}},"21":{"start":{"line":91,"column":25},"end":{"line":91,"column":63}},"22":{"start":{"line":92,"column":2},"end":{"line":94,"column":3}},"23":{"start":{"line":93,"column":4},"end":{"line":93,"column":38}},"24":{"start":{"line":95,"column":2},"end":{"line":95,"column":29}},"25":{"start":{"line":96,"column":2},"end":{"line":96,"column":15}},"26":{"start":{"line":100,"column":19},"end":{"line":100,"column":51}},"27":{"start":{"line":101,"column":2},"end":{"line":101,"column":46}},"28":{"start":{"line":105,"column":29},"end":{"line":105,"column":52}},"29":{"start":{"line":106,"column":2},"end":{"line":106,"column":68}},"30":{"start":{"line":110,"column":2},"end":{"line":110,"column":59}},"31":{"start":{"line":113,"column":18},"end":{"line":126,"column":1}},"32":{"start":{"line":129,"column":20},"end":{"line":129,"column":49}},"33":{"start":{"line":130,"column":28},"end":{"line":130,"column":70}},"34":{"start":{"line":131,"column":2},"end":{"line":135,"column":5}},"35":{"start":{"line":132,"column":4},"end":{"line":134,"column":18}},"36":{"start":{"line":133,"column":6},"end":{"line":133,"column":67}}},"fnMap":{"0":{"name":"generateID","decl":{"start":{"line":6,"column":16},"end":{"line":6,"column":26}},"loc":{"start":{"line":6,"column":28},"end":{"line":10,"column":1}},"line":6},"1":{"name":"createPostObject","decl":{"start":{"line":19,"column":16},"end":{"line":19,"column":32}},"loc":{"start":{"line":19,"column":66},"end":{"line":27,"column":1}},"line":19},"2":{"name":"fetchAllPosts","decl":{"start":{"line":32,"column":16},"end":{"line":32,"column":29}},"loc":{"start":{"line":32,"column":31},"end":{"line":35,"column":1}},"line":32},"3":{"name":"storePostObject","decl":{"start":{"line":41,"column":16},"end":{"line":41,"column":31}},"loc":{"start":{"line":41,"column":40},"end":{"line":44,"column":1}},"line":41},"4":{"name":"removePost","decl":{"start":{"line":46,"column":16},"end":{"line":46,"column":26}},"loc":{"start":{"line":46,"column":35},"end":{"line":50,"column":1}},"line":46},"5":{"name":"(anonymous_5)","decl":{"start":{"line":48,"column":37},"end":{"line":48,"column":38}},"loc":{"start":{"line":48,"column":45},"end":{"line":48,"column":63}},"line":48},"6":{"name":"fetchAllComments","decl":{"start":{"line":55,"column":16},"end":{"line":55,"column":32}},"loc":{"start":{"line":55,"column":35},"end":{"line":58,"column":1}},"line":55},"7":{"name":"createCommentObject","decl":{"start":{"line":65,"column":16},"end":{"line":65,"column":35}},"loc":{"start":{"line":65,"column":65},"end":{"line":73,"column":1}},"line":65},"8":{"name":"storeCommentObject","decl":{"start":{"line":75,"column":16},"end":{"line":75,"column":34}},"loc":{"start":{"line":75,"column":43},"end":{"line":78,"column":1}},"line":75},"9":{"name":"filterComments","decl":{"start":{"line":80,"column":16},"end":{"line":80,"column":30}},"loc":{"start":{"line":80,"column":44},"end":{"line":82,"column":1}},"line":80},"10":{"name":"(anonymous_10)","decl":{"start":{"line":81,"column":25},"end":{"line":81,"column":26}},"loc":{"start":{"line":81,"column":36},"end":{"line":81,"column":57}},"line":81},"11":{"name":"removeComment","decl":{"start":{"line":84,"column":16},"end":{"line":84,"column":29}},"loc":{"start":{"line":84,"column":41},"end":{"line":88,"column":1}},"line":84},"12":{"name":"(anonymous_12)","decl":{"start":{"line":86,"column":43},"end":{"line":86,"column":44}},"loc":{"start":{"line":86,"column":54},"end":{"line":86,"column":78}},"line":86},"13":{"name":"fetchCurrentPersona","decl":{"start":{"line":90,"column":16},"end":{"line":90,"column":35}},"loc":{"start":{"line":90,"column":38},"end":{"line":97,"column":1}},"line":90},"14":{"name":"fetchPersonas","decl":{"start":{"line":99,"column":16},"end":{"line":99,"column":29}},"loc":{"start":{"line":99,"column":31},"end":{"line":102,"column":1}},"line":99},"15":{"name":"storeCurrentPersona","decl":{"start":{"line":104,"column":16},"end":{"line":104,"column":35}},"loc":{"start":{"line":104,"column":45},"end":{"line":107,"column":1}},"line":104},"16":{"name":"generateRandomInt","decl":{"start":{"line":109,"column":9},"end":{"line":109,"column":26}},"loc":{"start":{"line":109,"column":37},"end":{"line":111,"column":1}},"line":109},"17":{"name":"botReply","decl":{"start":{"line":128,"column":16},"end":{"line":128,"column":24}},"loc":{"start":{"line":128,"column":27},"end":{"line":136,"column":1}},"line":128},"18":{"name":"(anonymous_18)","decl":{"start":{"line":131,"column":21},"end":{"line":131,"column":22}},"loc":{"start":{"line":131,"column":32},"end":{"line":135,"column":3}},"line":131},"19":{"name":"(anonymous_19)","decl":{"start":{"line":132,"column":15},"end":{"line":132,"column":16}},"loc":{"start":{"line":132,"column":21},"end":{"line":134,"column":5}},"line":132}},"branchMap":{"0":{"loc":{"start":{"line":19,"column":33},"end":{"line":19,"column":43}},"type":"default-arg","locations":[{"start":{"line":19,"column":41},"end":{"line":19,"column":43}}],"line":19},"1":{"loc":{"start":{"line":19,"column":45},"end":{"line":19,"column":57}},"type":"default-arg","locations":[{"start":{"line":19,"column":55},"end":{"line":19,"column":57}}],"line":19},"2":{"loc":{"start":{"line":34,"column":9},"end":{"line":34,"column":39}},"type":"cond-expr","locations":[{"start":{"line":34,"column":17},"end":{"line":34,"column":34}},{"start":{"line":34,"column":37},"end":{"line":34,"column":39}}],"line":34},"3":{"loc":{"start":{"line":57,"column":9},"end":{"line":57,"column":45}},"type":"cond-expr","locations":[{"start":{"line":57,"column":20},"end":{"line":57,"column":40}},{"start":{"line":57,"column":43},"end":{"line":57,"column":45}}],"line":57},"4":{"loc":{"start":{"line":65,"column":36},"end":{"line":65,"column":48}},"type":"default-arg","locations":[{"start":{"line":65,"column":46},"end":{"line":65,"column":48}}],"line":65},"5":{"loc":{"start":{"line":92,"column":2},"end":{"line":94,"column":3}},"type":"if","locations":[{"start":{"line":92,"column":2},"end":{"line":94,"column":3}},{"start":{"line":92,"column":2},"end":{"line":94,"column":3}}],"line":92},"6":{"loc":{"start":{"line":101,"column":9},"end":{"line":101,"column":45}},"type":"cond-expr","locations":[{"start":{"line":101,"column":20},"end":{"line":101,"column":40}},{"start":{"line":101,"column":43},"end":{"line":101,"column":45}}],"line":101}},"s":{"0":6,"1":5,"2":13,"3":13,"4":4,"5":4,"6":1,"7":1,"8":2,"9":1,"10":10,"11":10,"12":1,"13":1,"14":1,"15":8,"16":0,"17":0,"18":0,"19":0,"20":0,"21":4,"22":4,"23":2,"24":2,"25":2,"26":0,"27":0,"28":4,"29":4,"30":0,"31":8,"32":0,"33":0,"34":0,"35":0,"36":0},"f":{"0":6,"1":5,"2":13,"3":4,"4":1,"5":2,"6":10,"7":1,"8":1,"9":8,"10":0,"11":0,"12":0,"13":4,"14":0,"15":4,"16":0,"17":0,"18":0,"19":0},"b":{"0":[0],"1":[0],"2":[7,6],"3":[1,9],"4":[0],"5":[2,2],"6":[0,0]},"_coverageSchema":"332fd63041d2c1bcb487cc26dd0d5f7d97098a6c","hash":"aafc978f672f34e6376ac159ab8c371a6f36178c"}
,"/Users/Alex/Documents/Nackademin/testExamination/src/components/App.js": {"path":"/Users/Alex/Documents/Nackademin/testExamination/src/components/App.js","statementMap":{"0":{"start":{"line":15,"column":4},"end":{"line":15,"column":31}},"1":{"start":{"line":19,"column":27},"end":{"line":19,"column":52}},"2":{"start":{"line":20,"column":4},"end":{"line":20,"column":38}},"3":{"start":{"line":24,"column":4},"end":{"line":24,"column":52}},"4":{"start":{"line":25,"column":4},"end":{"line":25,"column":42}},"5":{"start":{"line":29,"column":4},"end":{"line":33,"column":5}},"6":{"start":{"line":30,"column":6},"end":{"line":30,"column":44}},"7":{"start":{"line":32,"column":6},"end":{"line":32,"column":45}},"8":{"start":{"line":37,"column":4},"end":{"line":57,"column":6}}},"fnMap":{"0":{"name":"(anonymous_0)","decl":{"start":{"line":14,"column":2},"end":{"line":14,"column":3}},"loc":{"start":{"line":14,"column":22},"end":{"line":16,"column":3}},"line":14},"1":{"name":"(anonymous_1)","decl":{"start":{"line":18,"column":24},"end":{"line":18,"column":25}},"loc":{"start":{"line":18,"column":30},"end":{"line":21,"column":3}},"line":18},"2":{"name":"(anonymous_2)","decl":{"start":{"line":23,"column":18},"end":{"line":23,"column":19}},"loc":{"start":{"line":23,"column":34},"end":{"line":26,"column":3}},"line":23},"3":{"name":"(anonymous_3)","decl":{"start":{"line":28,"column":15},"end":{"line":28,"column":16}},"loc":{"start":{"line":28,"column":21},"end":{"line":34,"column":3}},"line":28},"4":{"name":"(anonymous_4)","decl":{"start":{"line":36,"column":2},"end":{"line":36,"column":3}},"loc":{"start":{"line":36,"column":11},"end":{"line":58,"column":3}},"line":36}},"branchMap":{"0":{"loc":{"start":{"line":29,"column":4},"end":{"line":33,"column":5}},"type":"if","locations":[{"start":{"line":29,"column":4},"end":{"line":33,"column":5}},{"start":{"line":29,"column":4},"end":{"line":33,"column":5}}],"line":29},"1":{"loc":{"start":{"line":43,"column":11},"end":{"line":45,"column":31}},"type":"cond-expr","locations":[{"start":{"line":44,"column":14},"end":{"line":44,"column":36}},{"start":{"line":45,"column":14},"end":{"line":45,"column":31}}],"line":43},"2":{"loc":{"start":{"line":51,"column":9},"end":{"line":55,"column":9}},"type":"cond-expr","locations":[{"start":{"line":52,"column":10},"end":{"line":52,"column":62}},{"start":{"line":54,"column":10},"end":{"line":54,"column":17}}],"line":51}},"s":{"0":3,"1":3,"2":3,"3":1,"4":1,"5":1,"6":1,"7":0,"8":10},"f":{"0":3,"1":3,"2":1,"3":1,"4":10},"b":{"0":[1,0],"1":[8,2],"2":[8,2]},"_coverageSchema":"332fd63041d2c1bcb487cc26dd0d5f7d97098a6c","hash":"f33d50b98c57abe0b48eb9d83332ed3f4b529607"}
,"/Users/Alex/Documents/Nackademin/testExamination/src/components/AvatarSelector.js": {"path":"/Users/Alex/Documents/Nackademin/testExamination/src/components/AvatarSelector.js","statementMap":{"0":{"start":{"line":7,"column":23},"end":{"line":26,"column":1}},"1":{"start":{"line":8,"column":12},"end":{"line":8,"column":15}},"2":{"start":{"line":9,"column":2},"end":{"line":11,"column":3}},"3":{"start":{"line":10,"column":4},"end":{"line":10,"column":14}},"4":{"start":{"line":12,"column":2},"end":{"line":14,"column":3}},"5":{"start":{"line":13,"column":4},"end":{"line":13,"column":20}},"6":{"start":{"line":15,"column":2},"end":{"line":17,"column":3}},"7":{"start":{"line":16,"column":4},"end":{"line":16,"column":18}},"8":{"start":{"line":18,"column":2},"end":{"line":25,"column":4}},"9":{"start":{"line":28,"column":0},"end":{"line":30,"column":2}}},"fnMap":{"0":{"name":"(anonymous_0)","decl":{"start":{"line":7,"column":23},"end":{"line":7,"column":24}},"loc":{"start":{"line":7,"column":47},"end":{"line":26,"column":1}},"line":7}},"branchMap":{"0":{"loc":{"start":{"line":9,"column":2},"end":{"line":11,"column":3}},"type":"if","locations":[{"start":{"line":9,"column":2},"end":{"line":11,"column":3}},{"start":{"line":9,"column":2},"end":{"line":11,"column":3}}],"line":9},"1":{"loc":{"start":{"line":12,"column":2},"end":{"line":14,"column":3}},"type":"if","locations":[{"start":{"line":12,"column":2},"end":{"line":14,"column":3}},{"start":{"line":12,"column":2},"end":{"line":14,"column":3}}],"line":12},"2":{"loc":{"start":{"line":15,"column":2},"end":{"line":17,"column":3}},"type":"if","locations":[{"start":{"line":15,"column":2},"end":{"line":17,"column":3}},{"start":{"line":15,"column":2},"end":{"line":17,"column":3}}],"line":15}},"s":{"0":5,"1":13,"2":13,"3":10,"4":13,"5":1,"6":13,"7":0,"8":13,"9":5},"f":{"0":13},"b":{"0":[10,3],"1":[1,12],"2":[0,13]},"_coverageSchema":"332fd63041d2c1bcb487cc26dd0d5f7d97098a6c","hash":"93e1e85d170ba05a9bc8ff0224b44cd730ea20cc"}
,"/Users/Alex/Documents/Nackademin/testExamination/src/components/Button.js": {"path":"/Users/Alex/Documents/Nackademin/testExamination/src/components/Button.js","statementMap":{"0":{"start":{"line":4,"column":21},"end":{"line":4,"column":104}},"1":{"start":{"line":6,"column":20},"end":{"line":6,"column":97}},"2":{"start":{"line":8,"column":15},"end":{"line":16,"column":1}},"3":{"start":{"line":9,"column":2},"end":{"line":15,"column":11}},"4":{"start":{"line":18,"column":0},"end":{"line":23,"column":1}},"5":{"start":{"line":25,"column":0},"end":{"line":28,"column":1}}},"fnMap":{"0":{"name":"(anonymous_0)","decl":{"start":{"line":8,"column":15},"end":{"line":8,"column":16}},"loc":{"start":{"line":9,"column":2},"end":{"line":15,"column":11}},"line":9}},"branchMap":{"0":{"loc":{"start":{"line":10,"column":18},"end":{"line":10,"column":53}},"type":"cond-expr","locations":[{"start":{"line":10,"column":27},"end":{"line":10,"column":38}},{"start":{"line":10,"column":41},"end":{"line":10,"column":53}}],"line":10}},"s":{"0":5,"1":5,"2":5,"3":19,"4":5,"5":5},"f":{"0":19},"b":{"0":[8,11]},"_coverageSchema":"332fd63041d2c1bcb487cc26dd0d5f7d97098a6c","hash":"7f67082839f0a7484c58f45bf568e9c9bc2110f1"}
,"/Users/Alex/Documents/Nackademin/testExamination/src/components/Comments.js": {"path":"/Users/Alex/Documents/Nackademin/testExamination/src/components/Comments.js","statementMap":{"0":{"start":{"line":13,"column":4},"end":{"line":13,"column":39}},"1":{"start":{"line":17,"column":28},"end":{"line":17,"column":50}},"2":{"start":{"line":18,"column":21},"end":{"line":18,"column":64}},"3":{"start":{"line":19,"column":4},"end":{"line":19,"column":32}},"4":{"start":{"line":23,"column":4},"end":{"line":23,"column":33}},"5":{"start":{"line":24,"column":4},"end":{"line":24,"column":39}},"6":{"start":{"line":28,"column":4},"end":{"line":35,"column":6}},"7":{"start":{"line":29,"column":6},"end":{"line":34,"column":8}},"8":{"start":{"line":38,"column":4},"end":{"line":48,"column":6}},"9":{"start":{"line":52,"column":0},"end":{"line":55,"column":2}}},"fnMap":{"0":{"name":"(anonymous_0)","decl":{"start":{"line":12,"column":2},"end":{"line":12,"column":3}},"loc":{"start":{"line":12,"column":22},"end":{"line":14,"column":3}},"line":12},"1":{"name":"(anonymous_1)","decl":{"start":{"line":16,"column":32},"end":{"line":16,"column":33}},"loc":{"start":{"line":16,"column":64},"end":{"line":20,"column":3}},"line":16},"2":{"name":"(anonymous_2)","decl":{"start":{"line":22,"column":18},"end":{"line":22,"column":19}},"loc":{"start":{"line":22,"column":31},"end":{"line":25,"column":3}},"line":22},"3":{"name":"(anonymous_3)","decl":{"start":{"line":27,"column":22},"end":{"line":27,"column":23}},"loc":{"start":{"line":28,"column":4},"end":{"line":35,"column":6}},"line":28},"4":{"name":"(anonymous_4)","decl":{"start":{"line":28,"column":17},"end":{"line":28,"column":18}},"loc":{"start":{"line":29,"column":6},"end":{"line":34,"column":8}},"line":29},"5":{"name":"(anonymous_5)","decl":{"start":{"line":37,"column":2},"end":{"line":37,"column":3}},"loc":{"start":{"line":37,"column":11},"end":{"line":49,"column":3}},"line":37}},"branchMap":{"0":{"loc":{"start":{"line":16,"column":33},"end":{"line":16,"column":59}},"type":"default-arg","locations":[{"start":{"line":16,"column":42},"end":{"line":16,"column":59}}],"line":16}},"s":{"0":8,"1":8,"2":8,"3":8,"4":0,"5":0,"6":17,"7":0,"8":17,"9":5},"f":{"0":8,"1":8,"2":0,"3":17,"4":0,"5":17},"b":{"0":[8]},"_coverageSchema":"332fd63041d2c1bcb487cc26dd0d5f7d97098a6c","hash":"9cc3f61254bc59c897d04f422fae6dc13d462cca"}
,"/Users/Alex/Documents/Nackademin/testExamination/src/components/CreateNewComment.js": {"path":"/Users/Alex/Documents/Nackademin/testExamination/src/components/CreateNewComment.js","statementMap":{"0":{"start":{"line":10,"column":18},"end":{"line":10,"column":68}},"1":{"start":{"line":13,"column":4},"end":{"line":13,"column":23}},"2":{"start":{"line":14,"column":28},"end":{"line":14,"column":50}},"3":{"start":{"line":15,"column":23},"end":{"line":19,"column":5}},"4":{"start":{"line":20,"column":4},"end":{"line":20,"column":61}},"5":{"start":{"line":21,"column":4},"end":{"line":21,"column":49}},"6":{"start":{"line":22,"column":4},"end":{"line":22,"column":35}},"7":{"start":{"line":26,"column":4},"end":{"line":47,"column":6}},"8":{"start":{"line":51,"column":0},"end":{"line":55,"column":1}}},"fnMap":{"0":{"name":"(anonymous_0)","decl":{"start":{"line":10,"column":13},"end":{"line":10,"column":14}},"loc":{"start":{"line":10,"column":18},"end":{"line":10,"column":68}},"line":10},"1":{"name":"(anonymous_1)","decl":{"start":{"line":12,"column":13},"end":{"line":12,"column":14}},"loc":{"start":{"line":12,"column":18},"end":{"line":23,"column":3}},"line":12},"2":{"name":"(anonymous_2)","decl":{"start":{"line":25,"column":2},"end":{"line":25,"column":3}},"loc":{"start":{"line":25,"column":11},"end":{"line":48,"column":3}},"line":25}},"branchMap":{},"s":{"0":2,"1":1,"2":1,"3":1,"4":1,"5":1,"6":1,"7":23,"8":6},"f":{"0":2,"1":1,"2":23},"b":{},"_coverageSchema":"332fd63041d2c1bcb487cc26dd0d5f7d97098a6c","hash":"1955584e44e56c343771b1792215f93dfedc09d0"}
,"/Users/Alex/Documents/Nackademin/testExamination/src/components/CreateNewPost.js": {"path":"/Users/Alex/Documents/Nackademin/testExamination/src/components/CreateNewPost.js","statementMap":{"0":{"start":{"line":11,"column":18},"end":{"line":11,"column":68}},"1":{"start":{"line":13,"column":4},"end":{"line":13,"column":23}},"2":{"start":{"line":14,"column":31},"end":{"line":14,"column":41}},"3":{"start":{"line":15,"column":20},"end":{"line":15,"column":75}},"4":{"start":{"line":16,"column":25},"end":{"line":16,"column":44}},"5":{"start":{"line":17,"column":4},"end":{"line":17,"column":52}},"6":{"start":{"line":18,"column":4},"end":{"line":18,"column":29}},"7":{"start":{"line":19,"column":4},"end":{"line":19,"column":45}},"8":{"start":{"line":23,"column":30},"end":{"line":23,"column":40}},"9":{"start":{"line":24,"column":4},"end":{"line":32,"column":6}},"10":{"start":{"line":36,"column":0},"end":{"line":39,"column":1}}},"fnMap":{"0":{"name":"(anonymous_0)","decl":{"start":{"line":11,"column":13},"end":{"line":11,"column":14}},"loc":{"start":{"line":11,"column":18},"end":{"line":11,"column":68}},"line":11},"1":{"name":"(anonymous_1)","decl":{"start":{"line":12,"column":13},"end":{"line":12,"column":14}},"loc":{"start":{"line":12,"column":18},"end":{"line":20,"column":3}},"line":12},"2":{"name":"(anonymous_2)","decl":{"start":{"line":22,"column":2},"end":{"line":22,"column":3}},"loc":{"start":{"line":22,"column":11},"end":{"line":33,"column":3}},"line":22}},"branchMap":{},"s":{"0":4,"1":1,"2":1,"3":1,"4":1,"5":1,"6":1,"7":1,"8":23,"9":23,"10":6},"f":{"0":4,"1":1,"2":23},"b":{},"_coverageSchema":"332fd63041d2c1bcb487cc26dd0d5f7d97098a6c","hash":"79d726e13d42fdddb900aa69d42ff7cfddeed9e8"}
,"/Users/Alex/Documents/Nackademin/testExamination/src/components/PersonaSwitcher.js": {"path":"/Users/Alex/Documents/Nackademin/testExamination/src/components/PersonaSwitcher.js","statementMap":{"0":{"start":{"line":5,"column":24},"end":{"line":29,"column":1}},"1":{"start":{"line":6,"column":2},"end":{"line":28,"column":8}},"2":{"start":{"line":31,"column":0},"end":{"line":34,"column":2}}},"fnMap":{"0":{"name":"(anonymous_0)","decl":{"start":{"line":5,"column":24},"end":{"line":5,"column":25}},"loc":{"start":{"line":6,"column":2},"end":{"line":28,"column":8}},"line":6}},"branchMap":{},"s":{"0":4,"1":11,"2":4},"f":{"0":11},"b":{},"_coverageSchema":"332fd63041d2c1bcb487cc26dd0d5f7d97098a6c","hash":"76cc979bfb38dc76ef1c8ba4c50a46010099400f"}
,"/Users/Alex/Documents/Nackademin/testExamination/src/components/Posts.js": {"path":"/Users/Alex/Documents/Nackademin/testExamination/src/components/Posts.js","statementMap":{"0":{"start":{"line":13,"column":4},"end":{"line":13,"column":35}},"1":{"start":{"line":17,"column":18},"end":{"line":17,"column":37}},"2":{"start":{"line":18,"column":4},"end":{"line":18,"column":29}},"3":{"start":{"line":22,"column":4},"end":{"line":22,"column":27}},"4":{"start":{"line":23,"column":4},"end":{"line":23,"column":35}},"5":{"start":{"line":27,"column":4},"end":{"line":34,"column":6}},"6":{"start":{"line":28,"column":6},"end":{"line":33,"column":8}},"7":{"start":{"line":37,"column":4},"end":{"line":45,"column":6}},"8":{"start":{"line":49,"column":0},"end":{"line":51,"column":2}}},"fnMap":{"0":{"name":"(anonymous_0)","decl":{"start":{"line":12,"column":2},"end":{"line":12,"column":3}},"loc":{"start":{"line":12,"column":22},"end":{"line":14,"column":3}},"line":12},"1":{"name":"(anonymous_1)","decl":{"start":{"line":16,"column":28},"end":{"line":16,"column":29}},"loc":{"start":{"line":16,"column":34},"end":{"line":19,"column":3}},"line":16},"2":{"name":"(anonymous_2)","decl":{"start":{"line":21,"column":15},"end":{"line":21,"column":16}},"loc":{"start":{"line":21,"column":27},"end":{"line":24,"column":3}},"line":21},"3":{"name":"(anonymous_3)","decl":{"start":{"line":26,"column":19},"end":{"line":26,"column":20}},"loc":{"start":{"line":27,"column":4},"end":{"line":34,"column":6}},"line":27},"4":{"name":"(anonymous_4)","decl":{"start":{"line":27,"column":14},"end":{"line":27,"column":15}},"loc":{"start":{"line":28,"column":6},"end":{"line":33,"column":8}},"line":28},"5":{"name":"(anonymous_5)","decl":{"start":{"line":36,"column":2},"end":{"line":36,"column":3}},"loc":{"start":{"line":36,"column":11},"end":{"line":46,"column":3}},"line":36}},"branchMap":{},"s":{"0":6,"1":7,"2":7,"3":1,"4":1,"5":17,"6":7,"7":17,"8":5},"f":{"0":6,"1":7,"2":1,"3":17,"4":7,"5":17},"b":{},"_coverageSchema":"332fd63041d2c1bcb487cc26dd0d5f7d97098a6c","hash":"f1e50ee1bb355f02512291d948b169a251e8c2df"}
,"/Users/Alex/Documents/Nackademin/testExamination/src/components/SingleComment.js": {"path":"/Users/Alex/Documents/Nackademin/testExamination/src/components/SingleComment.js","statementMap":{"0":{"start":{"line":5,"column":22},"end":{"line":21,"column":1}},"1":{"start":{"line":6,"column":2},"end":{"line":20,"column":8}},"2":{"start":{"line":10,"column":23},"end":{"line":10,"column":34}},"3":{"start":{"line":23,"column":0},"end":{"line":30,"column":1}}},"fnMap":{"0":{"name":"(anonymous_0)","decl":{"start":{"line":5,"column":22},"end":{"line":5,"column":23}},"loc":{"start":{"line":6,"column":2},"end":{"line":20,"column":8}},"line":6},"1":{"name":"(anonymous_1)","decl":{"start":{"line":10,"column":17},"end":{"line":10,"column":18}},"loc":{"start":{"line":10,"column":23},"end":{"line":10,"column":34}},"line":10}},"branchMap":{"0":{"loc":{"start":{"line":7,"column":5},"end":{"line":15,"column":5}},"type":"binary-expr","locations":[{"start":{"line":7,"column":5},"end":{"line":7,"column":30}},{"start":{"line":8,"column":6},"end":{"line":14,"column":15}}],"line":7}},"s":{"0":5,"1":0,"2":0,"3":5},"f":{"0":0,"1":0},"b":{"0":[0,0]},"_coverageSchema":"332fd63041d2c1bcb487cc26dd0d5f7d97098a6c","hash":"6e3f399185574d18b070b4c8ef603df5d07ae05f"}
,"/Users/Alex/Documents/Nackademin/testExamination/src/components/SinglePost.js": {"path":"/Users/Alex/Documents/Nackademin/testExamination/src/components/SinglePost.js","statementMap":{"0":{"start":{"line":7,"column":19},"end":{"line":26,"column":1}},"1":{"start":{"line":8,"column":2},"end":{"line":25,"column":8}},"2":{"start":{"line":13,"column":25},"end":{"line":13,"column":36}},"3":{"start":{"line":28,"column":0},"end":{"line":36,"column":1}}},"fnMap":{"0":{"name":"(anonymous_0)","decl":{"start":{"line":7,"column":19},"end":{"line":7,"column":20}},"loc":{"start":{"line":8,"column":2},"end":{"line":25,"column":8}},"line":8},"1":{"name":"(anonymous_1)","decl":{"start":{"line":13,"column":19},"end":{"line":13,"column":20}},"loc":{"start":{"line":13,"column":25},"end":{"line":13,"column":36}},"line":13}},"branchMap":{"0":{"loc":{"start":{"line":10,"column":8},"end":{"line":17,"column":17}},"type":"binary-expr","locations":[{"start":{"line":10,"column":8},"end":{"line":10,"column":33}},{"start":{"line":11,"column":8},"end":{"line":17,"column":17}}],"line":10}},"s":{"0":5,"1":11,"2":0,"3":5},"f":{"0":11,"1":0},"b":{"0":[11,8]},"_coverageSchema":"332fd63041d2c1bcb487cc26dd0d5f7d97098a6c","hash":"ecf70d36500e914826fc229a6dfd661288f9a762"}
,"/Users/Alex/Documents/Nackademin/testExamination/src/components/Bot/Bot.js": {"path":"/Users/Alex/Documents/Nackademin/testExamination/src/components/Bot/Bot.js","statementMap":{"0":{"start":{"line":14,"column":23},"end":{"line":17,"column":5}},"1":{"start":{"line":18,"column":24},"end":{"line":18,"column":60}},"2":{"start":{"line":19,"column":4},"end":{"line":19,"column":60}},"3":{"start":{"line":20,"column":4},"end":{"line":20,"column":21}},"4":{"start":{"line":24,"column":4},"end":{"line":24,"column":36}},"5":{"start":{"line":25,"column":4},"end":{"line":28,"column":8}},"6":{"start":{"line":27,"column":8},"end":{"line":27,"column":84}},"7":{"start":{"line":31,"column":31},"end":{"line":32,"column":66}},"8":{"start":{"line":32,"column":29},"end":{"line":32,"column":65}},"9":{"start":{"line":35,"column":4},"end":{"line":43,"column":6}}},"fnMap":{"0":{"name":"(anonymous_0)","decl":{"start":{"line":13,"column":13},"end":{"line":13,"column":14}},"loc":{"start":{"line":13,"column":24},"end":{"line":21,"column":3}},"line":13},"1":{"name":"(anonymous_1)","decl":{"start":{"line":23,"column":14},"end":{"line":23,"column":15}},"loc":{"start":{"line":23,"column":20},"end":{"line":29,"column":3}},"line":23},"2":{"name":"(anonymous_2)","decl":{"start":{"line":26,"column":12},"end":{"line":26,"column":13}},"loc":{"start":{"line":26,"column":21},"end":{"line":28,"column":7}},"line":26},"3":{"name":"(anonymous_3)","decl":{"start":{"line":31,"column":19},"end":{"line":31,"column":20}},"loc":{"start":{"line":31,"column":31},"end":{"line":32,"column":66}},"line":31},"4":{"name":"(anonymous_4)","decl":{"start":{"line":32,"column":9},"end":{"line":32,"column":10}},"loc":{"start":{"line":32,"column":29},"end":{"line":32,"column":65}},"line":32},"5":{"name":"(anonymous_5)","decl":{"start":{"line":34,"column":2},"end":{"line":34,"column":3}},"loc":{"start":{"line":34,"column":11},"end":{"line":44,"column":3}},"line":34}},"branchMap":{},"s":{"0":0,"1":0,"2":0,"3":0,"4":0,"5":0,"6":0,"7":2,"8":0,"9":2},"f":{"0":0,"1":0,"2":0,"3":2,"4":0,"5":2},"b":{},"_coverageSchema":"332fd63041d2c1bcb487cc26dd0d5f7d97098a6c","hash":"895229bb024078470b8f881b0e1938a1260885a5"}
,"/Users/Alex/Documents/Nackademin/testExamination/src/components/Bot/Message.js": {"path":"/Users/Alex/Documents/Nackademin/testExamination/src/components/Bot/Message.js","statementMap":{"0":{"start":{"line":4,"column":14},"end":{"line":4,"column":57}},"1":{"start":{"line":6,"column":16},"end":{"line":14,"column":1}},"2":{"start":{"line":7,"column":2},"end":{"line":13,"column":6}},"3":{"start":{"line":16,"column":0},"end":{"line":19,"column":1}}},"fnMap":{"0":{"name":"(anonymous_0)","decl":{"start":{"line":6,"column":16},"end":{"line":6,"column":17}},"loc":{"start":{"line":7,"column":2},"end":{"line":13,"column":6}},"line":7}},"branchMap":{"0":{"loc":{"start":{"line":9,"column":6},"end":{"line":9,"column":63}},"type":"cond-expr","locations":[{"start":{"line":9,"column":12},"end":{"line":9,"column":36}},{"start":{"line":9,"column":39},"end":{"line":9,"column":63}}],"line":9}},"s":{"0":4,"1":4,"2":0,"3":4},"f":{"0":0},"b":{"0":[0,0]},"_coverageSchema":"332fd63041d2c1bcb487cc26dd0d5f7d97098a6c","hash":"b14a3775ee27fe8bcc6c1be60afe6b3c379fd36a"}
,"/Users/Alex/Documents/Nackademin/testExamination/src/components/Bot/MessageForm.js": {"path":"/Users/Alex/Documents/Nackademin/testExamination/src/components/Bot/MessageForm.js","statementMap":{"0":{"start":{"line":11,"column":4},"end":{"line":11,"column":23}},"1":{"start":{"line":14,"column":29},"end":{"line":14,"column":75}},"2":{"start":{"line":17,"column":4},"end":{"line":17,"column":23}},"3":{"start":{"line":18,"column":4},"end":{"line":18,"column":48}},"4":{"start":{"line":19,"column":4},"end":{"line":19,"column":37}},"5":{"start":{"line":23,"column":4},"end":{"line":38,"column":6}},"6":{"start":{"line":30,"column":25},"end":{"line":30,"column":43}},"7":{"start":{"line":42,"column":0},"end":{"line":44,"column":2}}},"fnMap":{"0":{"name":"(anonymous_0)","decl":{"start":{"line":10,"column":2},"end":{"line":10,"column":3}},"loc":{"start":{"line":10,"column":21},"end":{"line":12,"column":3}},"line":10},"1":{"name":"(anonymous_1)","decl":{"start":{"line":14,"column":13},"end":{"line":14,"column":14}},"loc":{"start":{"line":14,"column":29},"end":{"line":14,"column":75}},"line":14},"2":{"name":"(anonymous_2)","decl":{"start":{"line":16,"column":13},"end":{"line":16,"column":14}},"loc":{"start":{"line":16,"column":18},"end":{"line":20,"column":3}},"line":16},"3":{"name":"(anonymous_3)","decl":{"start":{"line":22,"column":2},"end":{"line":22,"column":3}},"loc":{"start":{"line":22,"column":11},"end":{"line":39,"column":3}},"line":22},"4":{"name":"(anonymous_4)","decl":{"start":{"line":30,"column":15},"end":{"line":30,"column":16}},"loc":{"start":{"line":30,"column":24},"end":{"line":30,"column":44}},"line":30}},"branchMap":{},"s":{"0":2,"1":0,"2":0,"3":0,"4":0,"5":2,"6":2,"7":4},"f":{"0":2,"1":0,"2":0,"3":2,"4":2},"b":{},"_coverageSchema":"332fd63041d2c1bcb487cc26dd0d5f7d97098a6c","hash":"fdb3e0c1130994c2342ac2a373a39da36cc57139"}
,"/Users/Alex/Documents/Nackademin/testExamination/src/components/Bot/TypingIndicator.js": {"path":"/Users/Alex/Documents/Nackademin/testExamination/src/components/Bot/TypingIndicator.js","statementMap":{"0":{"start":{"line":5,"column":24},"end":{"line":13,"column":1}},"1":{"start":{"line":6,"column":2},"end":{"line":12,"column":11}},"2":{"start":{"line":15,"column":0},"end":{"line":17,"column":1}},"3":{"start":{"line":19,"column":0},"end":{"line":21,"column":1}}},"fnMap":{"0":{"name":"(anonymous_0)","decl":{"start":{"line":5,"column":24},"end":{"line":5,"column":25}},"loc":{"start":{"line":5,"column":40},"end":{"line":13,"column":1}},"line":5}},"branchMap":{"0":{"loc":{"start":{"line":6,"column":9},"end":{"line":12,"column":10}},"type":"cond-expr","locations":[{"start":{"line":7,"column":4},"end":{"line":11,"column":10}},{"start":{"line":12,"column":6},"end":{"line":12,"column":10}}],"line":6}},"s":{"0":4,"1":2,"2":4,"3":4},"f":{"0":2},"b":{"0":[0,2]},"_coverageSchema":"332fd63041d2c1bcb487cc26dd0d5f7d97098a6c","hash":"a1c25866b1d3628961cf461cac9d963b54af9c53"}
}
