TN:
SF:/Users/Alex/Documents/Nackademin/testExamination/src/api/index.js
FN:6,generateID
FN:19,createPostObject
FN:32,fetchAllPosts
FN:41,storePostObject
FN:46,removePost
FN:48,(anonymous_5)
FN:55,fetchAllComments
FN:65,createCommentObject
FN:75,storeCommentObject
FN:80,filterComments
FN:81,(anonymous_10)
FN:84,removeComment
FN:86,(anonymous_12)
FN:90,fetchCurrentPersona
FN:99,fetchPersonas
FN:104,storeCurrentPersona
FN:109,generateRandomInt
FN:128,botReply
FN:131,(anonymous_18)
FN:132,(anonymous_19)
FNF:20
FNH:18
FNDA:11,generateID
FNDA:7,createPostObject
FNDA:15,fetchAllPosts
FNDA:6,storePostObject
FNDA:1,removePost
FNDA:2,(anonymous_5)
FNDA:18,fetchAllComments
FNDA:4,createCommentObject
FNDA:4,storeCommentObject
FNDA:12,filterComments
FNDA:2,(anonymous_10)
FNDA:1,removeComment
FNDA:2,(anonymous_12)
FNDA:4,fetchCurrentPersona
FNDA:0,fetchPersonas
FNDA:4,storeCurrentPersona
FNDA:4,generateRandomInt
FNDA:2,botReply
FNDA:2,(anonymous_18)
FNDA:0,(anonymous_19)
DA:7,11
DA:20,7
DA:33,15
DA:34,15
DA:42,6
DA:43,6
DA:47,1
DA:48,2
DA:49,1
DA:56,18
DA:57,18
DA:66,4
DA:76,4
DA:77,4
DA:81,12
DA:85,1
DA:86,2
DA:87,1
DA:91,4
DA:92,4
DA:93,2
DA:95,2
DA:96,2
DA:100,0
DA:101,0
DA:105,4
DA:106,4
DA:110,4
DA:113,11
DA:129,2
DA:130,2
DA:131,2
DA:132,2
DA:133,0
LF:34
LH:31
BRDA:19,0,0,0
BRDA:19,1,0,0
BRDA:34,2,0,9
BRDA:34,2,1,6
BRDA:57,3,0,7
BRDA:57,3,1,11
BRDA:65,4,0,0
BRDA:92,5,0,2
BRDA:92,5,1,2
BRDA:101,6,0,0
BRDA:101,6,1,0
BRF:11
BRH:6
end_of_record
TN:
SF:/Users/Alex/Documents/Nackademin/testExamination/src/components/App.js
FN:14,(anonymous_0)
FN:18,(anonymous_1)
FN:23,(anonymous_2)
FN:28,(anonymous_3)
FN:36,(anonymous_4)
FNF:5
FNH:5
FNDA:3,(anonymous_0)
FNDA:3,(anonymous_1)
FNDA:1,(anonymous_2)
FNDA:1,(anonymous_3)
FNDA:10,(anonymous_4)
DA:15,3
DA:19,3
DA:20,3
DA:24,1
DA:25,1
DA:29,1
DA:30,1
DA:32,0
DA:37,10
LF:9
LH:8
BRDA:29,0,0,1
BRDA:29,0,1,0
BRDA:43,1,0,8
BRDA:43,1,1,2
BRDA:51,2,0,8
BRDA:51,2,1,2
BRF:6
BRH:5
end_of_record
TN:
SF:/Users/Alex/Documents/Nackademin/testExamination/src/components/AvatarSelector.js
FN:7,(anonymous_0)
FNF:1
FNH:1
FNDA:13,(anonymous_0)
DA:7,6
DA:8,13
DA:9,13
DA:10,10
DA:12,13
DA:13,1
DA:15,13
DA:16,0
DA:18,13
DA:28,6
LF:10
LH:9
BRDA:9,0,0,10
BRDA:9,0,1,3
BRDA:12,1,0,1
BRDA:12,1,1,12
BRDA:15,2,0,0
BRDA:15,2,1,13
BRF:6
BRH:5
end_of_record
TN:
SF:/Users/Alex/Documents/Nackademin/testExamination/src/components/Button.js
FN:8,(anonymous_0)
FNF:1
FNH:1
FNDA:23,(anonymous_0)
DA:4,7
DA:6,7
DA:8,7
DA:9,23
DA:18,7
DA:25,7
LF:6
LH:6
BRDA:10,0,0,12
BRDA:10,0,1,11
BRF:2
BRH:2
end_of_record
TN:
SF:/Users/Alex/Documents/Nackademin/testExamination/src/components/Comments.js
FN:12,(anonymous_0)
FN:16,(anonymous_1)
FN:22,(anonymous_2)
FN:27,(anonymous_3)
FN:28,(anonymous_4)
FN:37,(anonymous_5)
FNF:6
FNH:6
FNDA:11,(anonymous_0)
FNDA:12,(anonymous_1)
FNDA:1,(anonymous_2)
FNDA:26,(anonymous_3)
FNDA:3,(anonymous_4)
FNDA:26,(anonymous_5)
DA:13,11
DA:17,12
DA:18,12
DA:19,12
DA:23,1
DA:24,1
DA:28,26
DA:29,3
DA:38,26
DA:52,7
LF:10
LH:10
BRDA:16,0,0,12
BRF:1
BRH:1
end_of_record
TN:
SF:/Users/Alex/Documents/Nackademin/testExamination/src/components/CreateNewComment.js
FN:10,(anonymous_0)
FN:12,(anonymous_1)
FN:25,(anonymous_2)
FNF:3
FNH:3
FNDA:2,(anonymous_0)
FNDA:1,(anonymous_1)
FNDA:30,(anonymous_2)
DA:10,2
DA:13,1
DA:14,1
DA:15,1
DA:20,1
DA:21,1
DA:22,1
DA:26,30
DA:51,8
LF:9
LH:9
BRF:0
BRH:0
end_of_record
TN:
SF:/Users/Alex/Documents/Nackademin/testExamination/src/components/CreateNewPost.js
FN:11,(anonymous_0)
FN:12,(anonymous_1)
FN:22,(anonymous_2)
FNF:3
FNH:3
FNDA:4,(anonymous_0)
FNDA:1,(anonymous_1)
FNDA:23,(anonymous_2)
DA:11,4
DA:13,1
DA:14,1
DA:15,1
DA:16,1
DA:17,1
DA:18,1
DA:19,1
DA:23,23
DA:24,23
DA:36,7
LF:11
LH:11
BRF:0
BRH:0
end_of_record
TN:
SF:/Users/Alex/Documents/Nackademin/testExamination/src/components/PersonaSwitcher.js
FN:5,(anonymous_0)
FNF:1
FNH:1
FNDA:11,(anonymous_0)
DA:5,5
DA:6,11
DA:31,5
LF:3
LH:3
BRF:0
BRH:0
end_of_record
TN:
SF:/Users/Alex/Documents/Nackademin/testExamination/src/components/Posts.js
FN:12,(anonymous_0)
FN:16,(anonymous_1)
FN:21,(anonymous_2)
FN:26,(anonymous_3)
FN:27,(anonymous_4)
FN:36,(anonymous_5)
FNF:6
FNH:6
FNDA:6,(anonymous_0)
FNDA:7,(anonymous_1)
FNDA:1,(anonymous_2)
FNDA:17,(anonymous_3)
FNDA:7,(anonymous_4)
FNDA:17,(anonymous_5)
DA:13,6
DA:17,7
DA:18,7
DA:22,1
DA:23,1
DA:27,17
DA:28,7
DA:37,17
DA:49,6
LF:9
LH:9
BRF:0
BRH:0
end_of_record
TN:
SF:/Users/Alex/Documents/Nackademin/testExamination/src/components/SingleComment.js
FN:5,(anonymous_0)
FN:10,(anonymous_1)
FNF:2
FNH:2
FNDA:7,(anonymous_0)
FNDA:1,(anonymous_1)
DA:5,7
DA:6,7
DA:10,1
DA:23,7
LF:4
LH:4
BRDA:7,0,0,7
BRDA:7,0,1,5
BRF:2
BRH:2
end_of_record
TN:
SF:/Users/Alex/Documents/Nackademin/testExamination/src/components/SinglePost.js
FN:7,(anonymous_0)
FN:13,(anonymous_1)
FNF:2
FNH:2
FNDA:11,(anonymous_0)
FNDA:1,(anonymous_1)
DA:7,6
DA:8,11
DA:13,1
DA:28,6
LF:4
LH:4
BRDA:10,0,0,11
BRDA:10,0,1,8
BRF:2
BRH:2
end_of_record
TN:
SF:/Users/Alex/Documents/Nackademin/testExamination/src/components/Bot/Bot.js
FN:13,(anonymous_0)
FN:23,(anonymous_1)
FN:26,(anonymous_2)
FN:31,(anonymous_3)
FN:32,(anonymous_4)
FN:34,(anonymous_5)
FNF:6
FNH:5
FNDA:2,(anonymous_0)
FNDA:2,(anonymous_1)
FNDA:0,(anonymous_2)
FNDA:7,(anonymous_3)
FNDA:2,(anonymous_4)
FNDA:7,(anonymous_5)
DA:14,2
DA:18,2
DA:19,2
DA:20,2
DA:24,2
DA:25,2
DA:27,0
DA:31,7
DA:32,2
DA:35,7
LF:10
LH:9
BRF:0
BRH:0
end_of_record
TN:
SF:/Users/Alex/Documents/Nackademin/testExamination/src/components/Bot/Message.js
FN:6,(anonymous_0)
FNF:1
FNH:1
FNDA:4,(anonymous_0)
DA:4,7
DA:6,7
DA:7,4
DA:16,7
LF:4
LH:4
BRDA:9,0,0,1
BRDA:9,0,1,3
BRF:2
BRH:2
end_of_record
TN:
SF:/Users/Alex/Documents/Nackademin/testExamination/src/components/Bot/MessageForm.js
FN:10,(anonymous_0)
FN:14,(anonymous_1)
FN:16,(anonymous_2)
FN:22,(anonymous_3)
FN:30,(anonymous_4)
FNF:5
FNH:5
FNDA:8,(anonymous_0)
FNDA:4,(anonymous_1)
FNDA:3,(anonymous_2)
FNDA:15,(anonymous_3)
FNDA:22,(anonymous_4)
DA:11,8
DA:14,4
DA:17,3
DA:18,3
DA:19,3
DA:23,15
DA:30,22
DA:42,7
LF:8
LH:8
BRF:0
BRH:0
end_of_record
TN:
SF:/Users/Alex/Documents/Nackademin/testExamination/src/components/Bot/TypingIndicator.js
FN:5,(anonymous_0)
FNF:1
FNH:1
FNDA:7,(anonymous_0)
DA:5,6
DA:6,7
DA:15,6
DA:19,6
LF:4
LH:4
BRDA:6,0,0,2
BRDA:6,0,1,5
BRF:2
BRH:2
end_of_record
